2024.10.06 16:21:28 INFO  Started: Metals version 1.3.5 in folders '/Users/shingson/IdeaProjects/KafkaStream' for client Cursor 1.91.1.[0m
SLF4J(W): Class path contains multiple SLF4J providers.
SLF4J(W): Found provider [scribe.slf4j.ScribeServiceProvider@22a92c5a]
SLF4J(W): Found provider [ch.qos.logback.classic.spi.LogbackServiceProvider@58c8c00d]
SLF4J(W): See https://www.slf4j.org/codes.html#multiple_bindings for an explanation.
SLF4J(I): Actual provider is of type [scribe.slf4j.ScribeServiceProvider@22a92c5a]
2024.10.06 16:21:30 WARN  Flyway upgrade recommended: H2 2.3.230 is newer than this version of Flyway and support has not been tested. The latest supported version of H2 is 2.2.220.[0m
2024.10.06 16:21:43 INFO  no build target found for /Users/shingson/IdeaProjects/KafkaStream/src/main/scala/KafkaStream.scala. Using presentation compiler with project's scala-library version: 3.3.3[0m
2024.10.06 16:21:43 INFO  no build target found for /Users/shingson/IdeaProjects/KafkaStream/src/main/scala/KafkaStream.scala. Using presentation compiler with project's scala-library version: 3.3.3[0m
2024.10.06 16:21:45 INFO  time: code lens generation in 1.11s[0m
2024.10.06 16:25:13 INFO  no build target found for /Users/shingson/IdeaProjects/KafkaStream/src/main/scala/KafkaStream.scala. Using presentation compiler with project's scala-library version: 3.3.3[0m
2024.10.06 16:28:54 INFO  no build target found for /Users/shingson/IdeaProjects/KafkaStream/src/main/scala/KafkaStream.scala. Using presentation compiler with project's scala-library version: 3.3.3[0m
2024.10.06 16:31:25 INFO  no build target found for /Users/shingson/IdeaProjects/KafkaStream/src/main/scala/KafkaStream.scala. Using presentation compiler with project's scala-library version: 3.3.3[0m
2024.10.06 16:31:25 INFO  no build target found for /Users/shingson/IdeaProjects/KafkaStream/src/main/scala/KafkaStream.scala. Using presentation compiler with project's scala-library version: 3.3.3[0m
2024.10.06 16:31:26 INFO  no build target found for /Users/shingson/IdeaProjects/KafkaStream/src/main/scala/KafkaStream.scala. Using presentation compiler with project's scala-library version: 3.3.3[0m
2024.10.06 16:34:08 INFO  no build target found for /Users/shingson/IdeaProjects/KafkaStream/src/main/scala/KafkaStream.scala. Using presentation compiler with project's scala-library version: 3.3.3[0m
2024.10.06 16:34:08 INFO  no build target found for /Users/shingson/IdeaProjects/KafkaStream/src/main/scala/KafkaStream.scala. Using presentation compiler with project's scala-library version: 3.3.3[0m
2024.10.06 16:34:09 INFO  no build target found for /Users/shingson/IdeaProjects/KafkaStream/src/main/scala/KafkaStream.scala. Using presentation compiler with project's scala-library version: 3.3.3[0m
2024.10.06 16:34:09 INFO  no build target found for /Users/shingson/IdeaProjects/KafkaStream/src/main/scala/KafkaStream.scala. Using presentation compiler with project's scala-library version: 3.3.3[0m
2024.10.06 16:34:10 INFO  no build target found for /Users/shingson/IdeaProjects/KafkaStream/src/main/scala/KafkaStream.scala. Using presentation compiler with project's scala-library version: 3.3.3[0m
2024.10.06 16:34:10 INFO  no build target found for /Users/shingson/IdeaProjects/KafkaStream/src/main/scala/KafkaStream.scala. Using presentation compiler with project's scala-library version: 3.3.3[0m
2024.10.06 16:34:10 INFO  no build target found for /Users/shingson/IdeaProjects/KafkaStream/src/main/scala/KafkaStream.scala. Using presentation compiler with project's scala-library version: 3.3.3[0m
2024.10.06 16:34:10 INFO  no build target found for /Users/shingson/IdeaProjects/KafkaStream/src/main/scala/KafkaStream.scala. Using presentation compiler with project's scala-library version: 3.3.3[0m
2024.10.06 16:34:13 INFO  no build target found for /Users/shingson/IdeaProjects/KafkaStream/src/main/scala/KafkaStream.scala. Using presentation compiler with project's scala-library version: 3.3.3[0m
2024.10.06 16:34:13 INFO  no build target found for /Users/shingson/IdeaProjects/KafkaStream/src/main/scala/KafkaStream.scala. Using presentation compiler with project's scala-library version: 3.3.3[0m
2024.10.06 16:34:13 INFO  no build target found for /Users/shingson/IdeaProjects/KafkaStream/src/main/scala/KafkaStream.scala. Using presentation compiler with project's scala-library version: 3.3.3[0m
2024.10.06 16:34:14 INFO  no build target found for /Users/shingson/IdeaProjects/KafkaStream/src/main/scala/KafkaStream.scala. Using presentation compiler with project's scala-library version: 3.3.3[0m
2024.10.06 16:34:15 INFO  no build target found for /Users/shingson/IdeaProjects/KafkaStream/src/main/scala/KafkaStream.scala. Using presentation compiler with project's scala-library version: 3.3.3[0m
2024.10.06 16:34:15 WARN  no build target for: /Users/shingson/IdeaProjects/KafkaStream/src/main/scala/KafkaStream.scala[0m
2024.10.06 16:34:15 INFO  no build target found for /Users/shingson/IdeaProjects/KafkaStream/src/main/scala/KafkaStream.scala. Using presentation compiler with project's scala-library version: 3.3.3[0m
2024.10.06 16:34:48 INFO  no build target found for /Users/shingson/IdeaProjects/KafkaStream/src/main/scala/KafkaStream.scala. Using presentation compiler with project's scala-library version: 3.3.3[0m
2024.10.06 16:34:48 INFO  no build target found for /Users/shingson/IdeaProjects/KafkaStream/src/main/scala/KafkaStream.scala. Using presentation compiler with project's scala-library version: 3.3.3[0m
2024.10.06 16:34:48 INFO  no build target found for /Users/shingson/IdeaProjects/KafkaStream/src/main/scala/KafkaStream.scala. Using presentation compiler with project's scala-library version: 3.3.3[0m
2024.10.06 16:34:49 WARN  no build target for: /Users/shingson/IdeaProjects/KafkaStream/src/main/scala/KafkaStream.scala[0m
2024.10.06 16:36:21 INFO  no build target found for /Users/shingson/IdeaProjects/KafkaStream/src/main/scala/KafkaStream.scala. Using presentation compiler with project's scala-library version: 3.3.3[0m
2024.10.06 16:44:18 INFO  no build target found for /Users/shingson/IdeaProjects/KafkaStream/src/main/scala/KafkaStream.scala. Using presentation compiler with project's scala-library version: 3.3.3[0m
2024.10.06 16:49:41 INFO  no build target found for /Users/shingson/IdeaProjects/KafkaStream/src/main/scala/KafkaStream.scala. Using presentation compiler with project's scala-library version: 3.3.3[0m
2024.10.06 17:01:45 INFO  Shutting down server[0m
2024.10.06 17:01:45 INFO  shutting down Metals[0m
2024.10.06 17:01:45 INFO  Exiting server[0m
